Athlete/proguard/seeds.txt
com.google.common.primitives.Floats$LexicographicalComparator
com.google.common.primitives.Floats$LexicographicalComparator: com.google.common.primitives.Floats$LexicographicalComparator INSTANCE
com.google.common.primitives.Floats$LexicographicalComparator: com.google.common.primitives.Floats$LexicographicalComparator[] $VALUES
com.google.common.primitives.Floats$LexicographicalComparator: com.google.common.primitives.Floats$LexicographicalComparator[] values()
com.google.common.primitives.Floats$LexicographicalComparator: com.google.common.primitives.Floats$LexicographicalComparator valueOf(java.lang.String)
com.google.common.primitives.Floats$LexicographicalComparator: Floats$LexicographicalComparator(java.lang.String,int)
com.google.common.primitives.Floats$LexicographicalComparator: int compare(float[],float[])
com.google.common.primitives.Floats$LexicographicalComparator: int compare(java.lang.Object,java.lang.Object)
com.google.common.primitives.Floats$LexicographicalComparator: void <clinit>()
com.google.common.primitives.Ints
com.google.common.primitives.Ints: int BYTES
com.google.common.primitives.Ints: Ints()
com.google.common.primitives.Ints: int hashCode(int)
com.google.common.primitives.Ints: int checkedCast(long)
com.google.common.primitives.Ints: int saturatedCast(long)
com.google.common.primitives.Ints: int compare(int,int)
com.google.common.primitives.Ints: boolean contains(int[],int)
com.google.common.primitives.Ints: int indexOf(int[],int)
com.google.common.primitives.Ints: int indexOf(int[],int,int,int)
com.google.common.primitives.Ints: int indexOf(int[],int[])
com.google.common.primitives.Ints: int lastIndexOf(int[],int)
com.google.common.primitives.Ints: int lastIndexOf(int[],int,int,int)
com.google.common.primitives.Ints: int min(int[])
com.google.common.primitives.Ints: int max(int[])
com.google.common.primitives.Ints: int[] concat(int[][])
com.google.common.primitives.Ints: byte[] toByteArray(int)
com.google.common.primitives.Ints: int fromByteArray(byte[])
com.google.common.primitives.Ints: int fromBytes(byte,byte,byte,byte)
com.google.common.primitives.Ints: int[] ensureCapacity(int[],int,int)
com.google.common.primitives.Ints: int[] copyOf(int[],int)
com.google.common.primitives.Ints: java.lang.String join(java.lang.String,int[])
com.google.common.primitives.Ints: java.util.Comparator lexicographicalComparator()
com.google.common.primitives.Ints: int[] toArray(java.util.Collection)
com.google.common.primitives.Ints$IntArrayAsList
com.google.common.primitives.Ints$IntArrayAsList: int[] array
com.google.common.primitives.Ints$IntArrayAsList: int start
com.google.common.primitives.Ints$IntArrayAsList: int end
com.google.common.primitives.Ints$IntArrayAsList: long serialVersionUID
com.google.common.primitives.Ints$IntArrayAsList: Ints$IntArrayAsList(int[])
com.google.common.primitives.Ints$IntArrayAsList: Ints$IntArrayAsList(int[],int,int)
com.google.common.primitives.Ints$IntArrayAsList: int size()
com.google.common.primitives.Ints$IntArrayAsList: boolean isEmpty()
com.google.common.primitives.Ints$IntArrayAsList: java.lang.Integer get(int)
com.google.common.primitives.Ints$IntArrayAsList: boolean contains(java.lang.Object)
com.google.common.primitives.Ints$IntArrayAsList: int indexOf(java.lang.Object)
com.google.common.primitives.Ints$IntArrayAsList: int lastIndexOf(java.lang.Object)
com.google.common.primitives.Ints$IntArrayAsList: java.lang.Integer set(int,java.lang.Integer)
com.google.common.primitives.Ints$IntArrayAsList: java.util.List subList(int,int)
com.google.common.primitives.Ints$IntArrayAsList: boolean equals(java.lang.Object)
com.google.common.primitives.Ints$IntArrayAsList: int hashCode()
com.google.common.primitives.Ints$IntArrayAsList: java.lang.String toString()
com.google.common.primitives.Ints$IntArrayAsList: int[] toIntArray()
com.google.common.primitives.Ints$IntArrayAsList: java.lang.Object set(int,java.lang.Object)