Athlete/proguard/mapping.txt
com.google.common.collect.CustomConcurrentHashMap$1 -> com.google.common.collect.CustomConcurrentHashMap$1:
    java.lang.Object get() -> get
    com.google.common.collect.CustomConcurrentHashMap$ValueReference copyFor(com.google.common.collect.CustomConcurrentHashMap$ReferenceEntry) -> copyFor
    boolean isComputingReference() -> isComputingReference
    java.lang.Object waitForValue() -> waitForValue
    void notifyValueReclaimed() -> notifyValueReclaimed
    void clear() -> clear
com.google.common.collect.CustomConcurrentHashMap$2 -> com.google.common.collect.CustomConcurrentHashMap$2:
    boolean offer(com.google.common.collect.CustomConcurrentHashMap$ReferenceEntry) -> offer
    com.google.common.collect.CustomConcurrentHashMap$ReferenceEntry peek() -> peek
    com.google.common.collect.CustomConcurrentHashMap$ReferenceEntry poll() -> poll
    int size() -> size
    java.util.Iterator iterator() -> iterator
    java.lang.Object peek() -> peek
    java.lang.Object poll() -> poll
    boolean offer(java.lang.Object) -> offer
com.google.common.collect.CustomConcurrentHashMap$AbstractSerializationProxy -> com.google.common.collect.CustomConcurrentHashMap$AbstractSerializationProxy:
    long serialVersionUID -> serialVersionUID
    com.google.common.collect.CustomConcurrentHashMap$Strength keyStrength -> keyStrength
    com.google.common.collect.CustomConcurrentHashMap$Strength valueStrength -> valueStrength
    com.google.common.base.Equivalence keyEquivalence -> keyEquivalence
    com.google.common.base.Equivalence valueEquivalence -> valueEquivalence
    long expireAfterWriteNanos -> expireAfterWriteNanos
    long expireAfterAccessNanos -> expireAfterAccessNanos
    int maximumSize -> maximumSize
    int concurrencyLevel -> concurrencyLevel
    com.google.common.collect.MapEvictionListener evictionListener -> evictionListener
    java.util.concurrent.ConcurrentMap delegate -> delegate
    java.util.concurrent.ConcurrentMap delegate() -> delegate
    void writeMapTo(java.io.ObjectOutputStream) -> writeMapTo
    com.google.common.collect.MapMaker readMapMaker(java.io.ObjectInputStream) -> readMapMaker
    void readEntries(java.io.ObjectInputStream) -> readEntries
    java.util.Map delegate() -> delegate
    java.lang.Object delegate() -> delegate
com.google.common.collect.CustomConcurrentHashMap$EntryFactory -> com.google.common.collect.CustomConcurrentHashMap$EntryFactory:
    com.google.common.collect.CustomConcurrentHashMap$EntryFactory STRONG -> STRONG
    com.google.common.collect.CustomConcurrentHashMap$EntryFactory STRONG_EXPIRABLE -> STRONG_EXPIRABLE
    com.google.common.collect.CustomConcurrentHashMap$EntryFactory STRONG_EVICTABLE -> STRONG_EVICTABLE
    com.google.common.collect.CustomConcurrentHashMap$EntryFactory STRONG_EXPIRABLE_EVICTABLE -> STRONG_EXPIRABLE_EVICTABLE
    com.google.common.collect.CustomConcurrentHashMap$EntryFactory SOFT -> SOFT
    com.google.common.collect.CustomConcurrentHashMap$EntryFactory SOFT_EXPIRABLE -> SOFT_EXPIRABLE
    com.google.common.collect.CustomConcurrentHashMap$EntryFactory SOFT_EVICTABLE -> SOFT_EVICTABLE
    com.google.common.collect.CustomConcurrentHashMap$EntryFactory SOFT_EXPIRABLE_EVICTABLE -> SOFT_EXPIRABLE_EVICTABLE
    com.google.common.collect.CustomConcurrentHashMap$EntryFactory WEAK -> WEAK
    com.google.common.collect.CustomConcurrentHashMap$EntryFactory WEAK_EXPIRABLE -> WEAK_EXPIRABLE
    com.google.common.collect.CustomConcurrentHashMap$EntryFactory WEAK_EVICTABLE -> WEAK_EVICTABLE
    com.google.common.collect.CustomConcurrentHashMap$EntryFactory WEAK_EXPIRABLE_EVICTABLE -> WEAK_EXPIRABLE_EVICTABLE
    int EXPIRABLE_MASK -> EXPIRABLE_MASK
    int EVICTABLE_MASK -> EVICTABLE_MASK