Athlete/proguard/usage.txt
android.support.v4.content.LocalBroadcastManager$1
android.support.v4.content.LocalBroadcastManager$BroadcastRecord
android.support.v4.content.LocalBroadcastManager$ReceiverRecord
android.support.v4.content.ModernAsyncTask:
    private static final java.lang.String LOG_TAG
    private static final int CORE_POOL_SIZE
    private static final int MAXIMUM_POOL_SIZE
    private static final int KEEP_ALIVE
    private static final int MESSAGE_POST_RESULT
    private static final int MESSAGE_POST_PROGRESS
    public static void init()
    public static void setDefaultExecutor(java.util.concurrent.Executor)
    public final android.support.v4.content.ModernAsyncTask$Status getStatus()
    public final java.lang.Object get()
    public final java.lang.Object get(long,java.util.concurrent.TimeUnit)
    public final varargs android.support.v4.content.ModernAsyncTask execute(java.lang.Object[])
    public static void execute(java.lang.Runnable)
    protected final varargs void publishProgress(java.lang.Object[])
android.support.v4.content.ModernAsyncTask$Status:
    public static android.support.v4.content.ModernAsyncTask$Status valueOf(java.lang.String)
android.support.v4.content.pm.ActivityInfoCompat
android.support.v4.database.DatabaseUtilsCompat
android.support.v4.os.ParcelableCompat:
    public ParcelableCompat()
android.support.v4.os.ParcelableCompatCreatorHoneycombMR2Stub:
    ParcelableCompatCreatorHoneycombMR2Stub()
android.support.v4.util.DebugUtils:
    public DebugUtils()
android.support.v4.util.LruCache
android.support.v4.util.TimeUtils:
    public static final int HUNDRED_DAY_FIELD_LEN
    private static final int SECONDS_PER_MINUTE
    private static final int SECONDS_PER_HOUR
    private static final int SECONDS_PER_DAY
    public TimeUtils()
    public static void formatDuration(long,java.lang.StringBuilder)
android.support.v4.view.AccessibilityDelegateCompat
android.support.v4.view.AccessibilityDelegateCompat$AccessibilityDelegateIcsImpl
android.support.v4.view.AccessibilityDelegateCompat$AccessibilityDelegateIcsImpl$1
android.support.v4.view.AccessibilityDelegateCompat$AccessibilityDelegateImpl
android.support.v4.view.AccessibilityDelegateCompat$AccessibilityDelegateStubImpl
android.support.v4.view.AccessibilityDelegateCompatIcs
android.support.v4.view.AccessibilityDelegateCompatIcs$1
android.support.v4.view.AccessibilityDelegateCompatIcs$AccessibilityDelegateBridge
android.support.v4.view.KeyEventCompat:
    public KeyEventCompat()
    public static int normalizeMetaState(int)
    public static boolean metaStateHasModifiers(int,int)
    public static boolean metaStateHasNoModifiers(int)
android.support.v4.view.KeyEventCompat$BaseKeyEventVersionImpl:
    private static final int META_MODIFIER_MASK
    private static final int META_ALL_MASK
android.support.v4.view.KeyEventCompat$HoneycombKeyEventVersionImpl:
    public int normalizeMetaState(int)
android.support.v4.view.KeyEventCompat$KeyEventVersionImpl:
    public abstract int normalizeMetaState(int)
android.support.v4.view.KeyEventCompatHoneycomb:
    KeyEventCompatHoneycomb()
    public static int normalizeMetaState(int)
android.support.v4.view.MenuCompat
android.support.v4.view.MenuCompat$BaseMenuVersionImpl
android.support.v4.view.MenuCompat$HoneycombMenuVersionImpl
android.support.v4.view.MenuCompat$MenuVersionImpl
android.support.v4.view.MenuItemCompat
android.support.v4.view.MenuItemCompat$BaseMenuVersionImpl
android.support.v4.view.MenuItemCompat$HoneycombMenuVersionImpl
android.support.v4.view.MenuItemCompat$MenuVersionImpl
android.support.v4.view.MenuItemCompatHoneycomb